2022-08-24 12:10:25,449:INFO:Initializing load_model()
2022-08-24 12:10:25,450:INFO:load_model(model_name=random_forest, platform=None, authentication=None, verbose=True)
2022-08-24 12:16:32,452:INFO:Initializing predict_model()
2022-08-24 12:16:32,453:INFO:predict_model(estimator=Pipeline(steps=[('dtypes',
                 DataTypes_Auto_infer(ml_usecase='classification',
                                      target='Type')),
                ('imputer',
                 Simple_Imputer(categorical_strategy='not_available',
                                fill_value_categorical=None,
                                fill_value_numerical=None,
                                numeric_strategy='mean',
                                target_variable=None)),
                ('new_levels1',
                 New_Catagorical_Levels_in_TestData(replacement_strategy='least '
                                                                         'frequent',
                                                    target...
                ('clean_names', Clean_Colum_Names()),
                ('feature_select', 'passthrough'), ('fix_multi', 'passthrough'),
                ('dfs', 'passthrough'), ('pca', 'passthrough'),
                ['trained_model',
                 RandomForestClassifier(class_weight='balanced_subsample',
                                        max_depth=5, max_features='sqrt',
                                        min_impurity_decrease=0,
                                        min_samples_leaf=5, min_samples_split=9,
                                        n_estimators=120, n_jobs=-1,
                                        random_state=121)]]), probability_threshold=None, encoded_labels=False, drift_report=False, raw_score=False, round=4, verbose=True, ml_usecase=MLUsecase.CLASSIFICATION, display=None, drift_kwargs=None)
2022-08-24 12:16:32,453:INFO:Checking exceptions
2022-08-24 12:16:32,454:INFO:Preloading libraries
2022-08-24 12:22:31,115:INFO:Initializing load_model()
2022-08-24 12:22:31,116:INFO:load_model(model_name=random_forest, platform=None, authentication=None, verbose=True)
2022-08-24 12:22:33,397:INFO:Initializing predict_model()
2022-08-24 12:22:33,398:INFO:predict_model(estimator=Pipeline(steps=[('dtypes',
                 DataTypes_Auto_infer(ml_usecase='classification',
                                      target='Type')),
                ('imputer',
                 Simple_Imputer(categorical_strategy='not_available',
                                fill_value_categorical=None,
                                fill_value_numerical=None,
                                numeric_strategy='mean',
                                target_variable=None)),
                ('new_levels1',
                 New_Catagorical_Levels_in_TestData(replacement_strategy='least '
                                                                         'frequent',
                                                    target...
                ('clean_names', Clean_Colum_Names()),
                ('feature_select', 'passthrough'), ('fix_multi', 'passthrough'),
                ('dfs', 'passthrough'), ('pca', 'passthrough'),
                ['trained_model',
                 RandomForestClassifier(class_weight='balanced_subsample',
                                        max_depth=5, max_features='sqrt',
                                        min_impurity_decrease=0,
                                        min_samples_leaf=5, min_samples_split=9,
                                        n_estimators=120, n_jobs=-1,
                                        random_state=121)]]), probability_threshold=None, encoded_labels=False, drift_report=False, raw_score=False, round=4, verbose=True, ml_usecase=MLUsecase.CLASSIFICATION, display=None, drift_kwargs=None)
2022-08-24 12:22:33,398:INFO:Checking exceptions
2022-08-24 12:22:33,398:INFO:Preloading libraries
